# JRE version: OpenJDK Runtime Environment GraalVM CE 22.3.0 (17.0.5+8) (build 17.0.5+8-jvmci-22.3-b08)
# Java VM: OpenJDK 64-Bit Server VM GraalVM CE 22.3.0 (17.0.5+8-jvmci-22.3-b08, mixed mode, sharing, tiered, jvmci, jvmci compiler, compressed oops, compressed class ptrs, parallel gc, linux-amd64)
GC Precious Log:
 CPUs: 8 total, 2 available
 Memory: 3215M
 Large Page Support: Disabled
 NUMA Support: Disabled
 Compressed Oops: Enabled (32-bit)
 Alignments: Space 512K, Generation 512K, Heap 2M
 Heap Min Capacity: 100M
 Heap Initial Capacity: 100M
 Heap Max Capacity: 512M
 Pre-touch: Disabled
 Parallel Workers: 2
Heap:
 PSYoungGen      total 65536K, used 38912K [0x00000000f5580000, 0x00000000fb180000, 0x0000000100000000)
  eden space 38912K, 100% used [0x00000000f5580000,0x00000000f7b80000,0x00000000f7b80000)
  from space 26624K, 0% used [0x00000000f7b80000,0x00000000f7b80000,0x00000000f9580000)
  to   space 26624K, 0% used [0x00000000f9580000,0x00000000f9580000,0x00000000faf80000)
 ParOldGen       total 349696K, used 349696K [0x00000000e0000000, 0x00000000f5580000, 0x00000000f5580000)
  object space 349696K, 100% used [0x00000000e0000000,0x00000000f5580000,0x00000000f5580000)
 Metaspace       used 55099K, committed 56128K, reserved 1105920K
  class space    used 5131K, committed 5568K, reserved 1048576K
GC Heap History (20 events):
Event: 494.755 GC heap before
{Heap before GC invocations=837 (full 747):
 PSYoungGen      total 65536K, used 38912K [0x00000000f5580000, 0x00000000fb180000, 0x0000000100000000)
  eden space 38912K, 100% used [0x00000000f5580000,0x00000000f7b80000,0x00000000f7b80000)
  from space 26624K, 0% used [0x00000000f7b80000,0x00000000f7b80000,0x00000000f9580000)
  to   space 26624K, 0% used [0x00000000f9580000,0x00000000f9580000,0x00000000faf80000)
 ParOldGen       total 349696K, used 349695K [0x00000000e0000000, 0x00000000f5580000, 0x00000000f5580000)
  object space 349696K, 99% used [0x00000000e0000000,0x00000000f557fff0,0x00000000f5580000)
 Metaspace       used 55099K, committed 56128K, reserved 1105920K
  class space    used 5131K, committed 5568K, reserved 1048576K
}
Event: 495.425 GC heap after
{Heap after GC invocations=837 (full 747):
 PSYoungGen      total 65536K, used 38912K [0x00000000f5580000, 0x00000000fb180000, 0x0000000100000000)
  eden space 38912K, 100% used [0x00000000f5580000,0x00000000f7b80000,0x00000000f7b80000)
  from space 26624K, 0% used [0x00000000f9580000,0x00000000f9580000,0x00000000faf80000)
  to   space 26624K, 0% used [0x00000000f7b80000,0x00000000f7b80000,0x00000000f9580000)
 ParOldGen       total 349696K, used 349695K [0x00000000e0000000, 0x00000000f5580000, 0x00000000f5580000)
  object space 349696K, 99% used [0x00000000e0000000,0x00000000f557fff0,0x00000000f5580000)
 Metaspace       used 55099K, committed 56128K, reserved 1105920K
  class space    used 5131K, committed 5568K, reserved 1048576K
}
Event: 495.425 GC heap before
{Heap before GC invocations=838 (full 748):
 PSYoungGen      total 65536K, used 38912K [0x00000000f5580000, 0x00000000fb180000, 0x0000000100000000)
  eden space 38912K, 100% used [0x00000000f5580000,0x00000000f7b80000,0x00000000f7b80000)
  from space 26624K, 0% used [0x00000000f9580000,0x00000000f9580000,0x00000000faf80000)
  to   space 26624K, 0% used [0x00000000f7b80000,0x00000000f7b80000,0x00000000f9580000)
 ParOldGen       total 349696K, used 349695K [0x00000000e0000000, 0x00000000f5580000, 0x00000000f5580000)
  object space 349696K, 99% used [0x00000000e0000000,0x00000000f557fff0,0x00000000f5580000)
 Metaspace       used 55099K, committed 56128K, reserved 1105920K
  class space    used 5131K, committed 5568K, reserved 1048576K
}
Event: 495.966 GC heap after
{Heap after GC invocations=838 (full 748):
 PSYoungGen      total 65536K, used 38912K [0x00000000f5580000, 0x00000000fb180000, 0x0000000100000000)
  eden space 38912K, 100% used [0x00000000f5580000,0x00000000f7b80000,0x00000000f7b80000)
  from space 26624K, 0% used [0x00000000f7b80000,0x00000000f7b80000,0x00000000f9580000)
  to   space 26624K, 0% used [0x00000000f9580000,0x00000000f9580000,0x00000000faf80000)
 ParOldGen       total 349696K, used 349695K [0x00000000e0000000, 0x00000000f5580000, 0x00000000f5580000)
  object space 349696K, 99% used [0x00000000e0000000,0x00000000f557fff0,0x00000000f5580000)
 Metaspace       used 55099K, committed 56128K, reserved 1105920K
  class space    used 5131K, committed 5568K, reserved 1048576K
}
Event: 495.966 GC heap before
{Heap before GC invocations=839 (full 749):
 PSYoungGen      total 65536K, used 38912K [0x00000000f5580000, 0x00000000fb180000, 0x0000000100000000)
  eden space 38912K, 100% used [0x00000000f5580000,0x00000000f7b80000,0x00000000f7b80000)
  from space 26624K, 0% used [0x00000000f7b80000,0x00000000f7b80000,0x00000000f9580000)
  to   space 26624K, 0% used [0x00000000f9580000,0x00000000f9580000,0x00000000faf80000)
 ParOldGen       total 349696K, used 349695K [0x00000000e0000000, 0x00000000f5580000, 0x00000000f5580000)
  object space 349696K, 99% used [0x00000000e0000000,0x00000000f557fff0,0x00000000f5580000)
 Metaspace       used 55099K, committed 56128K, reserved 1105920K
  class space    used 5131K, committed 5568K, reserved 1048576K
}
Event: 496.509 GC heap after
{Heap after GC invocations=839 (full 749):
 PSYoungGen      total 65536K, used 38912K [0x00000000f5580000, 0x00000000fb180000, 0x0000000100000000)
  eden space 38912K, 100% used [0x00000000f5580000,0x00000000f7b80000,0x00000000f7b80000)
  from space 26624K, 0% used [0x00000000f9580000,0x00000000f9580000,0x00000000faf80000)
  to   space 26624K, 0% used [0x00000000f7b80000,0x00000000f7b80000,0x00000000f9580000)
 ParOldGen       total 349696K, used 349695K [0x00000000e0000000, 0x00000000f5580000, 0x00000000f5580000)
  object space 349696K, 99% used [0x00000000e0000000,0x00000000f557fff0,0x00000000f5580000)
 Metaspace       used 55099K, committed 56128K, reserved 1105920K
  class space    used 5131K, committed 5568K, reserved 1048576K
}
Event: 496.511 GC heap before
{Heap before GC invocations=840 (full 750):
 PSYoungGen      total 65536K, used 38912K [0x00000000f5580000, 0x00000000fb180000, 0x0000000100000000)
  eden space 38912K, 100% used [0x00000000f5580000,0x00000000f7b80000,0x00000000f7b80000)
  from space 26624K, 0% used [0x00000000f9580000,0x00000000f9580000,0x00000000faf80000)
  to   space 26624K, 0% used [0x00000000f7b80000,0x00000000f7b80000,0x00000000f9580000)
 ParOldGen       total 349696K, used 349695K [0x00000000e0000000, 0x00000000f5580000, 0x00000000f5580000)
  object space 349696K, 99% used [0x00000000e0000000,0x00000000f557fff0,0x00000000f5580000)
 Metaspace       used 55099K, committed 56128K, reserved 1105920K
  class space    used 5131K, committed 5568K, reserved 1048576K
}
Event: 497.166 GC heap after
{Heap after GC invocations=840 (full 750):
 PSYoungGen      total 65536K, used 38912K [0x00000000f5580000, 0x00000000fb180000, 0x0000000100000000)
  eden space 38912K, 100% used [0x00000000f5580000,0x00000000f7b80000,0x00000000f7b80000)
  from space 26624K, 0% used [0x00000000f7b80000,0x00000000f7b80000,0x00000000f9580000)
  to   space 26624K, 0% used [0x00000000f9580000,0x00000000f9580000,0x00000000faf80000)
 ParOldGen       total 349696K, used 349695K [0x00000000e0000000, 0x00000000f5580000, 0x00000000f5580000)
  object space 349696K, 99% used [0x00000000e0000000,0x00000000f557ffd0,0x00000000f5580000)
 Metaspace       used 55099K, committed 56128K, reserved 1105920K
  class space    used 5131K, committed 5568K, reserved 1048576K
}
Event: 497.166 GC heap before
{Heap before GC invocations=841 (full 751):
 PSYoungGen      total 65536K, used 38912K [0x00000000f5580000, 0x00000000fb180000, 0x0000000100000000)
  eden space 38912K, 100% used [0x00000000f5580000,0x00000000f7b80000,0x00000000f7b80000)
  from space 26624K, 0% used [0x00000000f7b80000,0x00000000f7b80000,0x00000000f9580000)
  to   space 26624K, 0% used [0x00000000f9580000,0x00000000f9580000,0x00000000faf80000)
 ParOldGen       total 349696K, used 349696K [0x00000000e0000000, 0x00000000f5580000, 0x00000000f5580000)
  object space 349696K, 100% used [0x00000000e0000000,0x00000000f5580000,0x00000000f5580000)
 Metaspace       used 55099K, committed 56128K, reserved 1105920K
  class space    used 5131K, committed 5568K, reserved 1048576K
}
Event: 497.809 GC heap after
{Heap after GC invocations=841 (full 751):
 PSYoungGen      total 65536K, used 38912K [0x00000000f5580000, 0x00000000fb180000, 0x0000000100000000)
  eden space 38912K, 100% used [0x00000000f5580000,0x00000000f7b80000,0x00000000f7b80000)
  from space 26624K, 0% used [0x00000000f9580000,0x00000000f9580000,0x00000000faf80000)
  to   space 26624K, 0% used [0x00000000f7b80000,0x00000000f7b80000,0x00000000f9580000)
 ParOldGen       total 349696K, used 349696K [0x00000000e0000000, 0x00000000f5580000, 0x00000000f5580000)
  object space 349696K, 100% used [0x00000000e0000000,0x00000000f5580000,0x00000000f5580000)
 Metaspace       used 55099K, committed 56128K, reserved 1105920K
  class space    used 5131K, committed 5568K, reserved 1048576K
}
Event: 497.809 GC heap before
{Heap before GC invocations=842 (full 752):
 PSYoungGen      total 65536K, used 38912K [0x00000000f5580000, 0x00000000fb180000, 0x0000000100000000)
  eden space 38912K, 100% used [0x00000000f5580000,0x00000000f7b80000,0x00000000f7b80000)
  from space 26624K, 0% used [0x00000000f9580000,0x00000000f9580000,0x00000000faf80000)
  to   space 26624K, 0% used [0x00000000f7b80000,0x00000000f7b80000,0x00000000f9580000)
 ParOldGen       total 349696K, used 349696K [0x00000000e0000000, 0x00000000f5580000, 0x00000000f5580000)
  object space 349696K, 100% used [0x00000000e0000000,0x00000000f5580000,0x00000000f5580000)
 Metaspace       used 55099K, committed 56128K, reserved 1105920K
  class space    used 5131K, committed 5568K, reserved 1048576K
}
Event: 498.433 GC heap after
{Heap after GC invocations=842 (full 752):
 PSYoungGen      total 65536K, used 38912K [0x00000000f5580000, 0x00000000fb180000, 0x0000000100000000)
  eden space 38912K, 100% used [0x00000000f5580000,0x00000000f7b80000,0x00000000f7b80000)
  from space 26624K, 0% used [0x00000000f7b80000,0x00000000f7b80000,0x00000000f9580000)
  to   space 26624K, 0% used [0x00000000f9580000,0x00000000f9580000,0x00000000faf80000)
 ParOldGen       total 349696K, used 349696K [0x00000000e0000000, 0x00000000f5580000, 0x00000000f5580000)
  object space 349696K, 100% used [0x00000000e0000000,0x00000000f5580000,0x00000000f5580000)
 Metaspace       used 55099K, committed 56128K, reserved 1105920K
  class space    used 5131K, committed 5568K, reserved 1048576K
}
Event: 498.433 GC heap before
{Heap before GC invocations=843 (full 753):
 PSYoungGen      total 65536K, used 38912K [0x00000000f5580000, 0x00000000fb180000, 0x0000000100000000)
  eden space 38912K, 100% used [0x00000000f5580000,0x00000000f7b80000,0x00000000f7b80000)
  from space 26624K, 0% used [0x00000000f7b80000,0x00000000f7b80000,0x00000000f9580000)
  to   space 26624K, 0% used [0x00000000f9580000,0x00000000f9580000,0x00000000faf80000)
 ParOldGen       total 349696K, used 349696K [0x00000000e0000000, 0x00000000f5580000, 0x00000000f5580000)
  object space 349696K, 100% used [0x00000000e0000000,0x00000000f5580000,0x00000000f5580000)
 Metaspace       used 55099K, committed 56128K, reserved 1105920K
  class space    used 5131K, committed 5568K, reserved 1048576K
}
Event: 499.014 GC heap after
{Heap after GC invocations=843 (full 753):
 PSYoungGen      total 65536K, used 38912K [0x00000000f5580000, 0x00000000fb180000, 0x0000000100000000)
  eden space 38912K, 100% used [0x00000000f5580000,0x00000000f7b80000,0x00000000f7b80000)
  from space 26624K, 0% used [0x00000000f9580000,0x00000000f9580000,0x00000000faf80000)
  to   space 26624K, 0% used [0x00000000f7b80000,0x00000000f7b80000,0x00000000f9580000)
 ParOldGen       total 349696K, used 349696K [0x00000000e0000000, 0x00000000f5580000, 0x00000000f5580000)
  object space 349696K, 100% used [0x00000000e0000000,0x00000000f5580000,0x00000000f5580000)
 Metaspace       used 55099K, committed 56128K, reserved 1105920K
  class space    used 5131K, committed 5568K, reserved 1048576K
}
Event: 499.014 GC heap before
{Heap before GC invocations=844 (full 754):
 PSYoungGen      total 65536K, used 38912K [0x00000000f5580000, 0x00000000fb180000, 0x0000000100000000)
  eden space 38912K, 100% used [0x00000000f5580000,0x00000000f7b80000,0x00000000f7b80000)
  from space 26624K, 0% used [0x00000000f9580000,0x00000000f9580000,0x00000000faf80000)
  to   space 26624K, 0% used [0x00000000f7b80000,0x00000000f7b80000,0x00000000f9580000)
 ParOldGen       total 349696K, used 349696K [0x00000000e0000000, 0x00000000f5580000, 0x00000000f5580000)
  object space 349696K, 100% used [0x00000000e0000000,0x00000000f5580000,0x00000000f5580000)
 Metaspace       used 55099K, committed 56128K, reserved 1105920K
  class space    used 5131K, committed 5568K, reserved 1048576K
}
Event: 499.635 GC heap after
{Heap after GC invocations=844 (full 754):
 PSYoungGen      total 65536K, used 38912K [0x00000000f5580000, 0x00000000fb180000, 0x0000000100000000)
  eden space 38912K, 100% used [0x00000000f5580000,0x00000000f7b80000,0x00000000f7b80000)
  from space 26624K, 0% used [0x00000000f7b80000,0x00000000f7b80000,0x00000000f9580000)
  to   space 26624K, 0% used [0x00000000f9580000,0x00000000f9580000,0x00000000faf80000)
 ParOldGen       total 349696K, used 349696K [0x00000000e0000000, 0x00000000f5580000, 0x00000000f5580000)
  object space 349696K, 100% used [0x00000000e0000000,0x00000000f5580000,0x00000000f5580000)
 Metaspace       used 55099K, committed 56128K, reserved 1105920K
  class space    used 5131K, committed 5568K, reserved 1048576K
}
Event: 499.637 GC heap before
{Heap before GC invocations=845 (full 755):
 PSYoungGen      total 65536K, used 38912K [0x00000000f5580000, 0x00000000fb180000, 0x0000000100000000)
  eden space 38912K, 100% used [0x00000000f5580000,0x00000000f7b80000,0x00000000f7b80000)
  from space 26624K, 0% used [0x00000000f7b80000,0x00000000f7b80000,0x00000000f9580000)
  to   space 26624K, 0% used [0x00000000f9580000,0x00000000f9580000,0x00000000faf80000)
 ParOldGen       total 349696K, used 349696K [0x00000000e0000000, 0x00000000f5580000, 0x00000000f5580000)
  object space 349696K, 100% used [0x00000000e0000000,0x00000000f5580000,0x00000000f5580000)
 Metaspace       used 55099K, committed 56128K, reserved 1105920K
  class space    used 5131K, committed 5568K, reserved 1048576K
}
Event: 500.430 GC heap after
{Heap after GC invocations=845 (full 755):
 PSYoungGen      total 65536K, used 38912K [0x00000000f5580000, 0x00000000fb180000, 0x0000000100000000)
  eden space 38912K, 100% used [0x00000000f5580000,0x00000000f7b80000,0x00000000f7b80000)
  from space 26624K, 0% used [0x00000000f9580000,0x00000000f9580000,0x00000000faf80000)
  to   space 26624K, 0% used [0x00000000f7b80000,0x00000000f7b80000,0x00000000f9580000)
 ParOldGen       total 349696K, used 349696K [0x00000000e0000000, 0x00000000f5580000, 0x00000000f5580000)
  object space 349696K, 100% used [0x00000000e0000000,0x00000000f5580000,0x00000000f5580000)
 Metaspace       used 55099K, committed 56128K, reserved 1105920K
  class space    used 5131K, committed 5568K, reserved 1048576K
}
Event: 500.430 GC heap before
{Heap before GC invocations=846 (full 756):
 PSYoungGen      total 65536K, used 38912K [0x00000000f5580000, 0x00000000fb180000, 0x0000000100000000)
  eden space 38912K, 100% used [0x00000000f5580000,0x00000000f7b80000,0x00000000f7b80000)
  from space 26624K, 0% used [0x00000000f9580000,0x00000000f9580000,0x00000000faf80000)
  to   space 26624K, 0% used [0x00000000f7b80000,0x00000000f7b80000,0x00000000f9580000)
 ParOldGen       total 349696K, used 349696K [0x00000000e0000000, 0x00000000f5580000, 0x00000000f5580000)
  object space 349696K, 100% used [0x00000000e0000000,0x00000000f5580000,0x00000000f5580000)
 Metaspace       used 55099K, committed 56128K, reserved 1105920K
  class space    used 5131K, committed 5568K, reserved 1048576K
}
Event: 501.278 GC heap after
{Heap after GC invocations=846 (full 756):
 PSYoungGen      total 65536K, used 38912K [0x00000000f5580000, 0x00000000fb180000, 0x0000000100000000)
  eden space 38912K, 100% used [0x00000000f5580000,0x00000000f7b80000,0x00000000f7b80000)
  from space 26624K, 0% used [0x00000000f7b80000,0x00000000f7b80000,0x00000000f9580000)
  to   space 26624K, 0% used [0x00000000f9580000,0x00000000f9580000,0x00000000faf80000)
 ParOldGen       total 349696K, used 349696K [0x00000000e0000000, 0x00000000f5580000, 0x00000000f5580000)
  object space 349696K, 100% used [0x00000000e0000000,0x00000000f5580000,0x00000000f5580000)
 Metaspace       used 55099K, committed 56128K, reserved 1105920K
  class space    used 5131K, committed 5568K, reserved 1048576K
}

